# JRE version: Java(TM) SE Runtime Environment (22.0.1+8) (build 22.0.1+8-16)
# Java VM: Java HotSpot(TM) 64-Bit Server VM (22.0.1+8-16, mixed mode, sharing, tiered, compressed oops, compressed class ptrs, g1 gc, windows-amd64)
GC Precious Log:
 CardTable entry size: 512
 Card Set container configuration: InlinePtr #cards 5 size 8 Array Of Cards #cards 12 size 40 Howl #buckets 4 coarsen threshold 1843 Howl Bitmap #cards 512 size 80 coarsen threshold 460 Card regions per heap region 1 cards per card region 2048
 CPUs: 4 total, 4 available
 Memory: 7926M
 Large Page Support: Disabled
 NUMA Support: Disabled
 Compressed Oops: Enabled (32-bit)
 Heap Region Size: 1M
 Heap Min Capacity: 8M
 Heap Initial Capacity: 124M
 Heap Max Capacity: 1982M
 Pre-touch: Disabled
 Parallel Workers: 4
 Concurrent Workers: 1
 Concurrent Refinement Workers: 4
 Periodic GC: Disabled
Heap:
 garbage-first heap   total reserved 2029568K, committed 80896K, used 42190K [0x0000000084200000, 0x0000000100000000)
  region size 1024K, 4 young (4096K), 3 survivors (3072K)
 Metaspace       used 89175K, committed 90176K, reserved 1179648K
  class space    used 11524K, committed 11968K, reserved 1048576K
GC Heap History (20 events):
Event: 1197.762 GC heap before
{Heap before GC invocations=82 (full 4):
 garbage-first heap   total reserved 2029568K, committed 80896K, used 70778K [0x0000000084200000, 0x0000000100000000)
  region size 1024K, 36 young (36864K), 0 survivors (0K)
 Metaspace       used 86728K, committed 87680K, reserved 1179648K
  class space    used 11322K, committed 11776K, reserved 1048576K
}
Event: 1197.770 GC heap after
{Heap after GC invocations=83 (full 4):
 garbage-first heap   total reserved 2029568K, committed 80896K, used 38532K [0x0000000084200000, 0x0000000100000000)
  region size 1024K, 4 young (4096K), 4 survivors (4096K)
 Metaspace       used 86728K, committed 87680K, reserved 1179648K
  class space    used 11322K, committed 11776K, reserved 1048576K
}
Event: 1198.746 GC heap before
{Heap before GC invocations=84 (full 4):
 garbage-first heap   total reserved 2029568K, committed 80896K, used 69252K [0x0000000084200000, 0x0000000100000000)
  region size 1024K, 34 young (34816K), 4 survivors (4096K)
 Metaspace       used 86902K, committed 87872K, reserved 1179648K
  class space    used 11336K, committed 11776K, reserved 1048576K
}
Event: 1198.753 GC heap after
{Heap after GC invocations=85 (full 4):
 garbage-first heap   total reserved 2029568K, committed 80896K, used 40977K [0x0000000084200000, 0x0000000100000000)
  region size 1024K, 3 young (3072K), 3 survivors (3072K)
 Metaspace       used 86902K, committed 87872K, reserved 1179648K
  class space    used 11336K, committed 11776K, reserved 1048576K
}
Event: 1201.749 GC heap before
{Heap before GC invocations=85 (full 4):
 garbage-first heap   total reserved 2029568K, committed 80896K, used 69649K [0x0000000084200000, 0x0000000100000000)
  region size 1024K, 31 young (31744K), 3 survivors (3072K)
 Metaspace       used 87153K, committed 88128K, reserved 1179648K
  class space    used 11358K, committed 11776K, reserved 1048576K
}
Event: 1201.761 GC heap after
{Heap after GC invocations=86 (full 4):
 garbage-first heap   total reserved 2029568K, committed 80896K, used 42125K [0x0000000084200000, 0x0000000100000000)
  region size 1024K, 2 young (2048K), 2 survivors (2048K)
 Metaspace       used 87153K, committed 88128K, reserved 1179648K
  class space    used 11358K, committed 11776K, reserved 1048576K
}
Event: 1202.268 GC heap before
{Heap before GC invocations=86 (full 4):
 garbage-first heap   total reserved 2029568K, committed 80896K, used 71821K [0x0000000084200000, 0x0000000100000000)
  region size 1024K, 31 young (31744K), 2 survivors (2048K)
 Metaspace       used 88018K, committed 88960K, reserved 1179648K
  class space    used 11410K, committed 11840K, reserved 1048576K
}
Event: 1202.280 GC heap after
{Heap after GC invocations=87 (full 4):
 garbage-first heap   total reserved 2029568K, committed 80896K, used 44630K [0x0000000084200000, 0x0000000100000000)
  region size 1024K, 4 young (4096K), 4 survivors (4096K)
 Metaspace       used 88018K, committed 88960K, reserved 1179648K
  class space    used 11410K, committed 11840K, reserved 1048576K
}
Event: 1209.063 GC heap before
{Heap before GC invocations=88 (full 4):
 garbage-first heap   total reserved 2029568K, committed 80896K, used 70230K [0x0000000084200000, 0x0000000100000000)
  region size 1024K, 29 young (29696K), 4 survivors (4096K)
 Metaspace       used 88077K, committed 89024K, reserved 1179648K
  class space    used 11410K, committed 11840K, reserved 1048576K
}
Event: 1209.076 GC heap after
{Heap after GC invocations=89 (full 4):
 garbage-first heap   total reserved 2029568K, committed 80896K, used 45827K [0x0000000084200000, 0x0000000100000000)
  region size 1024K, 2 young (2048K), 2 survivors (2048K)
 Metaspace       used 88077K, committed 89024K, reserved 1179648K
  class space    used 11410K, committed 11840K, reserved 1048576K
}
Event: 1252.117 GC heap before
{Heap before GC invocations=89 (full 4):
 garbage-first heap   total reserved 2029568K, committed 80896K, used 71427K [0x0000000084200000, 0x0000000100000000)
  region size 1024K, 27 young (27648K), 2 survivors (2048K)
 Metaspace       used 88077K, committed 89024K, reserved 1179648K
  class space    used 11410K, committed 11840K, reserved 1048576K
}
Event: 1252.124 GC heap after
{Heap after GC invocations=90 (full 4):
 garbage-first heap   total reserved 2029568K, committed 80896K, used 45878K [0x0000000084200000, 0x0000000100000000)
  region size 1024K, 2 young (2048K), 2 survivors (2048K)
 Metaspace       used 88077K, committed 89024K, reserved 1179648K
  class space    used 11410K, committed 11840K, reserved 1048576K
}
Event: 1297.085 GC heap before
{Heap before GC invocations=90 (full 4):
 garbage-first heap   total reserved 2029568K, committed 80896K, used 72502K [0x0000000084200000, 0x0000000100000000)
  region size 1024K, 28 young (28672K), 2 survivors (2048K)
 Metaspace       used 88087K, committed 89024K, reserved 1179648K
  class space    used 11410K, committed 11840K, reserved 1048576K
}
Event: 1297.089 GC heap after
{Heap after GC invocations=91 (full 4):
 garbage-first heap   total reserved 2029568K, committed 80896K, used 46020K [0x0000000084200000, 0x0000000100000000)
  region size 1024K, 2 young (2048K), 2 survivors (2048K)
 Metaspace       used 88087K, committed 89024K, reserved 1179648K
  class space    used 11410K, committed 11840K, reserved 1048576K
}
Event: 1336.522 GC heap before
{Heap before GC invocations=92 (full 4):
 garbage-first heap   total reserved 2029568K, committed 80896K, used 71620K [0x0000000084200000, 0x0000000100000000)
  region size 1024K, 28 young (28672K), 2 survivors (2048K)
 Metaspace       used 88605K, committed 89536K, reserved 1179648K
  class space    used 11470K, committed 11904K, reserved 1048576K
}
Event: 1336.526 GC heap after
{Heap after GC invocations=93 (full 4):
 garbage-first heap   total reserved 2029568K, committed 80896K, used 46382K [0x0000000084200000, 0x0000000100000000)
  region size 1024K, 2 young (2048K), 2 survivors (2048K)
 Metaspace       used 88605K, committed 89536K, reserved 1179648K
  class space    used 11470K, committed 11904K, reserved 1048576K
}
Event: 1375.428 GC heap before
{Heap before GC invocations=93 (full 4):
 garbage-first heap   total reserved 2029568K, committed 80896K, used 70958K [0x0000000084200000, 0x0000000100000000)
  region size 1024K, 27 young (27648K), 2 survivors (2048K)
 Metaspace       used 88618K, committed 89600K, reserved 1179648K
  class space    used 11471K, committed 11904K, reserved 1048576K
}
Event: 1375.518 GC heap after
{Heap after GC invocations=94 (full 5):
 garbage-first heap   total reserved 2029568K, committed 80896K, used 36599K [0x0000000084200000, 0x0000000100000000)
  region size 1024K, 0 young (0K), 0 survivors (0K)
 Metaspace       used 88600K, committed 89600K, reserved 1179648K
  class space    used 11469K, committed 11904K, reserved 1048576K
}
Event: 1376.695 GC heap before
{Heap before GC invocations=94 (full 5):
 garbage-first heap   total reserved 2029568K, committed 80896K, used 73463K [0x0000000084200000, 0x0000000100000000)
  region size 1024K, 37 young (37888K), 0 survivors (0K)
 Metaspace       used 89079K, committed 90048K, reserved 1179648K
  class space    used 11515K, committed 11968K, reserved 1048576K
}
Event: 1376.699 GC heap after
{Heap after GC invocations=95 (full 5):
 garbage-first heap   total reserved 2029568K, committed 80896K, used 40325K [0x0000000084200000, 0x0000000100000000)
  region size 1024K, 4 young (4096K), 4 survivors (4096K)
 Metaspace       used 89079K, committed 90048K, reserved 1179648K
  class space    used 11515K, committed 11968K, reserved 1048576K
}

