# JRE version: Java(TM) SE Runtime Environment (22.0.1+8) (build 22.0.1+8-16)
# Java VM: Java HotSpot(TM) 64-Bit Server VM (22.0.1+8-16, mixed mode, sharing, tiered, compressed oops, compressed class ptrs, g1 gc, windows-amd64)
GC Precious Log:
 CardTable entry size: 512
 Card Set container configuration: InlinePtr #cards 5 size 8 Array Of Cards #cards 12 size 40 Howl #buckets 4 coarsen threshold 1843 Howl Bitmap #cards 512 size 80 coarsen threshold 460 Card regions per heap region 1 cards per card region 2048
 CPUs: 4 total, 4 available
 Memory: 7926M
 Large Page Support: Disabled
 NUMA Support: Disabled
 Compressed Oops: Enabled (32-bit)
 Heap Region Size: 1M
 Heap Min Capacity: 8M
 Heap Initial Capacity: 124M
 Heap Max Capacity: 1982M
 Pre-touch: Disabled
 Parallel Workers: 4
 Concurrent Workers: 1
 Concurrent Refinement Workers: 4
 Periodic GC: Disabled
Heap:
 garbage-first heap   total reserved 2029568K, committed 78848K, used 42450K [0x0000000084200000, 0x0000000100000000)
  region size 1024K, 3 young (3072K), 2 survivors (2048K)
 Metaspace       used 85854K, committed 87104K, reserved 1179648K
  class space    used 11230K, committed 11776K, reserved 1048576K
GC Heap History (20 events):
Event: 1647.303 GC heap before
{Heap before GC invocations=63 (full 3):
 garbage-first heap   total reserved 2029568K, committed 73728K, used 63630K [0x0000000084200000, 0x0000000100000000)
  region size 1024K, 26 young (26624K), 2 survivors (2048K)
 Metaspace       used 84437K, committed 85376K, reserved 1179648K
  class space    used 11217K, committed 11648K, reserved 1048576K
}
Event: 1647.307 GC heap after
{Heap after GC invocations=64 (full 3):
 garbage-first heap   total reserved 2029568K, committed 73728K, used 39939K [0x0000000084200000, 0x0000000100000000)
  region size 1024K, 3 young (3072K), 3 survivors (3072K)
 Metaspace       used 84437K, committed 85376K, reserved 1179648K
  class space    used 11217K, committed 11648K, reserved 1048576K
}
Event: 1649.927 GC heap before
{Heap before GC invocations=64 (full 3):
 garbage-first heap   total reserved 2029568K, committed 73728K, used 63491K [0x0000000084200000, 0x0000000100000000)
  region size 1024K, 26 young (26624K), 3 survivors (3072K)
 Metaspace       used 84920K, committed 85824K, reserved 1179648K
  class space    used 11239K, committed 11648K, reserved 1048576K
}
Event: 1649.932 GC heap after
{Heap after GC invocations=65 (full 3):
 garbage-first heap   total reserved 2029568K, committed 73728K, used 42177K [0x0000000084200000, 0x0000000100000000)
  region size 1024K, 4 young (4096K), 4 survivors (4096K)
 Metaspace       used 84920K, committed 85824K, reserved 1179648K
  class space    used 11239K, committed 11648K, reserved 1048576K
}
Event: 1650.373 GC heap before
{Heap before GC invocations=66 (full 3):
 garbage-first heap   total reserved 2029568K, committed 73728K, used 62657K [0x0000000084200000, 0x0000000100000000)
  region size 1024K, 24 young (24576K), 4 survivors (4096K)
 Metaspace       used 85525K, committed 86400K, reserved 1179648K
  class space    used 11276K, committed 11712K, reserved 1048576K
}
Event: 1650.378 GC heap after
{Heap after GC invocations=67 (full 3):
 garbage-first heap   total reserved 2029568K, committed 73728K, used 43309K [0x0000000084200000, 0x0000000100000000)
  region size 1024K, 2 young (2048K), 2 survivors (2048K)
 Metaspace       used 85525K, committed 86400K, reserved 1179648K
  class space    used 11276K, committed 11712K, reserved 1048576K
}
Event: 1660.554 GC heap before
{Heap before GC invocations=67 (full 3):
 garbage-first heap   total reserved 2029568K, committed 73728K, used 64813K [0x0000000084200000, 0x0000000100000000)
  region size 1024K, 23 young (23552K), 2 survivors (2048K)
 Metaspace       used 85568K, committed 86464K, reserved 1179648K
  class space    used 11277K, committed 11712K, reserved 1048576K
}
Event: 1660.558 GC heap after
{Heap after GC invocations=68 (full 3):
 garbage-first heap   total reserved 2029568K, committed 73728K, used 44593K [0x0000000084200000, 0x0000000100000000)
  region size 1024K, 3 young (3072K), 3 survivors (3072K)
 Metaspace       used 85568K, committed 86464K, reserved 1179648K
  class space    used 11277K, committed 11712K, reserved 1048576K
}
Event: 1733.420 GC heap before
{Heap before GC invocations=68 (full 3):
 garbage-first heap   total reserved 2029568K, committed 73728K, used 63025K [0x0000000084200000, 0x0000000100000000)
  region size 1024K, 22 young (22528K), 3 survivors (3072K)
 Metaspace       used 85896K, committed 86848K, reserved 1179648K
  class space    used 11316K, committed 11776K, reserved 1048576K
}
Event: 1733.425 GC heap after
{Heap after GC invocations=69 (full 3):
 garbage-first heap   total reserved 2029568K, committed 73728K, used 45886K [0x0000000084200000, 0x0000000100000000)
  region size 1024K, 3 young (3072K), 3 survivors (3072K)
 Metaspace       used 85896K, committed 86848K, reserved 1179648K
  class space    used 11316K, committed 11776K, reserved 1048576K
}
Event: 1797.265 GC heap before
{Heap before GC invocations=70 (full 3):
 garbage-first heap   total reserved 2029568K, committed 78848K, used 63294K [0x0000000084200000, 0x0000000100000000)
  region size 1024K, 21 young (21504K), 3 survivors (3072K)
 Metaspace       used 86174K, committed 87104K, reserved 1179648K
  class space    used 11319K, committed 11776K, reserved 1048576K
}
Event: 1797.268 GC heap after
{Heap after GC invocations=71 (full 3):
 garbage-first heap   total reserved 2029568K, committed 78848K, used 46121K [0x0000000084200000, 0x0000000100000000)
  region size 1024K, 2 young (2048K), 2 survivors (2048K)
 Metaspace       used 86174K, committed 87104K, reserved 1179648K
  class space    used 11319K, committed 11776K, reserved 1048576K
}
Event: 1960.402 GC heap before
{Heap before GC invocations=71 (full 3):
 garbage-first heap   total reserved 2029568K, committed 78848K, used 70697K [0x0000000084200000, 0x0000000100000000)
  region size 1024K, 26 young (26624K), 2 survivors (2048K)
 Metaspace       used 86174K, committed 87104K, reserved 1179648K
  class space    used 11319K, committed 11776K, reserved 1048576K
}
Event: 1960.405 GC heap after
{Heap after GC invocations=72 (full 3):
 garbage-first heap   total reserved 2029568K, committed 78848K, used 43417K [0x0000000084200000, 0x0000000100000000)
  region size 1024K, 2 young (2048K), 2 survivors (2048K)
 Metaspace       used 86174K, committed 87104K, reserved 1179648K
  class space    used 11319K, committed 11776K, reserved 1048576K
}
Event: 2137.857 GC heap before
{Heap before GC invocations=72 (full 3):
 garbage-first heap   total reserved 2029568K, committed 78848K, used 70041K [0x0000000084200000, 0x0000000100000000)
  region size 1024K, 28 young (28672K), 2 survivors (2048K)
 Metaspace       used 86174K, committed 87104K, reserved 1179648K
  class space    used 11319K, committed 11776K, reserved 1048576K
}
Event: 2137.858 GC heap after
{Heap after GC invocations=73 (full 3):
 garbage-first heap   total reserved 2029568K, committed 78848K, used 43375K [0x0000000084200000, 0x0000000100000000)
  region size 1024K, 2 young (2048K), 2 survivors (2048K)
 Metaspace       used 86174K, committed 87104K, reserved 1179648K
  class space    used 11319K, committed 11776K, reserved 1048576K
}
Event: 2315.399 GC heap before
{Heap before GC invocations=74 (full 3):
 garbage-first heap   total reserved 2029568K, committed 78848K, used 69999K [0x0000000084200000, 0x0000000100000000)
  region size 1024K, 28 young (28672K), 2 survivors (2048K)
 Metaspace       used 85852K, committed 87104K, reserved 1179648K
  class space    used 11230K, committed 11776K, reserved 1048576K
}
Event: 2315.401 GC heap after
{Heap after GC invocations=75 (full 3):
 garbage-first heap   total reserved 2029568K, committed 78848K, used 43357K [0x0000000084200000, 0x0000000100000000)
  region size 1024K, 2 young (2048K), 2 survivors (2048K)
 Metaspace       used 85852K, committed 87104K, reserved 1179648K
  class space    used 11230K, committed 11776K, reserved 1048576K
}
Event: 7888.284 GC heap before
{Heap before GC invocations=75 (full 3):
 garbage-first heap   total reserved 2029568K, committed 78848K, used 69981K [0x0000000084200000, 0x0000000100000000)
  region size 1024K, 28 young (28672K), 2 survivors (2048K)
 Metaspace       used 85853K, committed 87104K, reserved 1179648K
  class space    used 11230K, committed 11776K, reserved 1048576K
}
Event: 7888.293 GC heap after
{Heap after GC invocations=76 (full 3):
 garbage-first heap   total reserved 2029568K, committed 78848K, used 42450K [0x0000000084200000, 0x0000000100000000)
  region size 1024K, 2 young (2048K), 2 survivors (2048K)
 Metaspace       used 85853K, committed 87104K, reserved 1179648K
  class space    used 11230K, committed 11776K, reserved 1048576K
}

